<?xml version="1.0" encoding="UTF-8"?>
<beans xmlns="http://www.springframework.org/schema/beans"
       xmlns:xsi="http://www.w3.org/2001/XMLSchema-instance"
       xmlns:context="http://www.springframework.org/schema/context"
       xsi:schemaLocation="http://www.springframework.org/schema/beans
                           http://www.springframework.org/schema/beans/spring-beans-4.3.xsd
                           http://www.springframework.org/schema/context
                           http://www.springframework.org/schema/context/spring-context-4.3.xsd">
    <context:property-placeholder location="classpath*:test-config.properties" />

    <bean id="dataSource" class="com.alibaba.druid.pool.DruidDataSource" init-method="init" destroy-method="close" primary="true">
        <property name="url" value="${master.jdbc.url}"/>
        <property name="connectionProperties" value="useUnicode=true;characterEncoding=UTF-8;rewriteBatchedStatements=true;useServerPrepStmts=true;zeroDateTimeBehavior=convertToNull"/>
        <property name="username" value="${master.jdbc.username}"/>
        <property name="password" value="${master.jdbc.password}"/>
        <property name="driverClassName" value="com.mysql.jdbc.Driver"/>
        <property name="initialSize" value="5"/>
        <property name="minIdle" value="5"/>
        <property name="maxActive" value="30"/>
        <property name="maxWait" value="30000"/>
        <property name="removeAbandoned" value="true"/>
        <property name="removeAbandonedTimeoutMillis" value="300000"/>
        <property name="defaultAutoCommit" value="false"/>
        <property name="timeBetweenEvictionRunsMillis" value="60000"/>
        <property name="minEvictableIdleTimeMillis" value="300000"/>
        <property name="validationQuery" value="SELECT 1"/>
        <property name="testWhileIdle" value="true" />
        <property name="testOnBorrow" value="false" />
        <property name="testOnReturn" value="false" />
        <property name="filters" value="stat,slf4j"/>
    </bean>

    <bean id="sqlSessionFactory" class="org.mybatis.spring.SqlSessionFactoryBean" primary="true">
        <property name="dataSource" ref="dataSource" />
        <property name="mapperLocations" value="classpath*:mybatis/*.xml" />
    </bean>

    <bean id="sqlSession" class="org.mybatis.spring.SqlSessionTemplate" primary="true">
        <constructor-arg index="0" ref="sqlSessionFactory"/>
    </bean>
</beans>